<?xml version="1.0" encoding="UTF-8"?><testrun name="tests" project="frogger" tests="8" started="2" failures="1" errors="0" ignored="0">
  <testsuite name="tests.Index" incomplete="true" displayname="Index" uniqueid="[engine:junit-jupiter]/[class:tests.Index]">
    <testcase name="CollisionCheck" classname="tests.Index" time="0.019" displayname="CollisionCheck()" uniqueid="[engine:junit-jupiter]/[class:tests.Index]/[method:CollisionCheck()]">
      <failure>java.lang.AssertionError: Not yet implemented&#13;
	at org.junit.Assert.fail(Assert.java:89)&#13;
	at tests.Index.CollisionCheck(Index.java:53)&#13;
	at java.base/jdk.internal.reflect.NativeMethodAccessorImpl.invoke0(Native Method)&#13;
	at java.base/jdk.internal.reflect.NativeMethodAccessorImpl.invoke(NativeMethodAccessorImpl.java:78)&#13;
	at java.base/jdk.internal.reflect.DelegatingMethodAccessorImpl.invoke(DelegatingMethodAccessorImpl.java:43)&#13;
	at java.base/java.lang.reflect.Method.invoke(Method.java:567)&#13;
	at org.junit.platform.commons.util.ReflectionUtils.invokeMethod(ReflectionUtils.java:688)&#13;
	at org.junit.jupiter.engine.execution.MethodInvocation.proceed(MethodInvocation.java:60)&#13;
	at org.junit.jupiter.engine.execution.InvocationInterceptorChain$ValidatingInvocation.proceed(InvocationInterceptorChain.java:131)&#13;
	at org.junit.jupiter.engine.extension.TimeoutExtension.intercept(TimeoutExtension.java:149)&#13;
	at org.junit.jupiter.engine.extension.TimeoutExtension.interceptTestableMethod(TimeoutExtension.java:140)&#13;
	at org.junit.jupiter.engine.extension.TimeoutExtension.interceptTestMethod(TimeoutExtension.java:84)&#13;
	at org.junit.jupiter.engine.execution.ExecutableInvoker$ReflectiveInterceptorCall.lambda$ofVoidMethod$0(ExecutableInvoker.java:115)&#13;
	at org.junit.jupiter.engine.execution.ExecutableInvoker.lambda$invoke$0(ExecutableInvoker.java:105)&#13;
	at org.junit.jupiter.engine.execution.InvocationInterceptorChain$InterceptedInvocation.proceed(InvocationInterceptorChain.java:106)&#13;
	at org.junit.jupiter.engine.execution.InvocationInterceptorChain.proceed(InvocationInterceptorChain.java:64)&#13;
	at org.junit.jupiter.engine.execution.InvocationInterceptorChain.chainAndInvoke(InvocationInterceptorChain.java:45)&#13;
	at org.junit.jupiter.engine.execution.InvocationInterceptorChain.invoke(InvocationInterceptorChain.java:37)&#13;
	at org.junit.jupiter.engine.execution.ExecutableInvoker.invoke(ExecutableInvoker.java:104)&#13;
	at org.junit.jupiter.engine.execution.ExecutableInvoker.invoke(ExecutableInvoker.java:98)&#13;
	at org.junit.jupiter.engine.descriptor.TestMethodTestDescriptor.lambda$invokeTestMethod$6(TestMethodTestDescriptor.java:210)&#13;
	at org.junit.platform.engine.support.hierarchical.ThrowableCollector.execute(ThrowableCollector.java:73)&#13;
	at org.junit.jupiter.engine.descriptor.TestMethodTestDescriptor.invokeTestMethod(TestMethodTestDescriptor.java:206)&#13;
	at org.junit.jupiter.engine.descriptor.TestMethodTestDescriptor.execute(TestMethodTestDescriptor.java:131)&#13;
	at org.junit.jupiter.engine.descriptor.TestMethodTestDescriptor.execute(TestMethodTestDescriptor.java:65)&#13;
	at org.junit.platform.engine.support.hierarchical.NodeTestTask.lambda$executeRecursively$5(NodeTestTask.java:139)&#13;
	at org.junit.platform.engine.support.hierarchical.ThrowableCollector.execute(ThrowableCollector.java:73)&#13;
	at org.junit.platform.engine.support.hierarchical.NodeTestTask.lambda$executeRecursively$7(NodeTestTask.java:129)&#13;
	at org.junit.platform.engine.support.hierarchical.Node.around(Node.java:137)&#13;
	at org.junit.platform.engine.support.hierarchical.NodeTestTask.lambda$executeRecursively$8(NodeTestTask.java:127)&#13;
	at org.junit.platform.engine.support.hierarchical.ThrowableCollector.execute(ThrowableCollector.java:73)&#13;
	at org.junit.platform.engine.support.hierarchical.NodeTestTask.executeRecursively(NodeTestTask.java:126)&#13;
	at org.junit.platform.engine.support.hierarchical.NodeTestTask.execute(NodeTestTask.java:84)&#13;
	at java.base/java.util.ArrayList.forEach(ArrayList.java:1511)&#13;
	at org.junit.platform.engine.support.hierarchical.SameThreadHierarchicalTestExecutorService.invokeAll(SameThreadHierarchicalTestExecutorService.java:38)&#13;
	at org.junit.platform.engine.support.hierarchical.NodeTestTask.lambda$executeRecursively$5(NodeTestTask.java:143)&#13;
	at org.junit.platform.engine.support.hierarchical.ThrowableCollector.execute(ThrowableCollector.java:73)&#13;
	at org.junit.platform.engine.support.hierarchical.NodeTestTask.lambda$executeRecursively$7(NodeTestTask.java:129)&#13;
	at org.junit.platform.engine.support.hierarchical.Node.around(Node.java:137)&#13;
	at org.junit.platform.engine.support.hierarchical.NodeTestTask.lambda$executeRecursively$8(NodeTestTask.java:127)&#13;
	at org.junit.platform.engine.support.hierarchical.ThrowableCollector.execute(ThrowableCollector.java:73)&#13;
	at org.junit.platform.engine.support.hierarchical.NodeTestTask.executeRecursively(NodeTestTask.java:126)&#13;
	at org.junit.platform.engine.support.hierarchical.NodeTestTask.execute(NodeTestTask.java:84)&#13;
	at java.base/java.util.ArrayList.forEach(ArrayList.java:1511)&#13;
	at org.junit.platform.engine.support.hierarchical.SameThreadHierarchicalTestExecutorService.invokeAll(SameThreadHierarchicalTestExecutorService.java:38)&#13;
	at org.junit.platform.engine.support.hierarchical.NodeTestTask.lambda$executeRecursively$5(NodeTestTask.java:143)&#13;
	at org.junit.platform.engine.support.hierarchical.ThrowableCollector.execute(ThrowableCollector.java:73)&#13;
	at org.junit.platform.engine.support.hierarchical.NodeTestTask.lambda$executeRecursively$7(NodeTestTask.java:129)&#13;
	at org.junit.platform.engine.support.hierarchical.Node.around(Node.java:137)&#13;
	at org.junit.platform.engine.support.hierarchical.NodeTestTask.lambda$executeRecursively$8(NodeTestTask.java:127)&#13;
	at org.junit.platform.engine.support.hierarchical.ThrowableCollector.execute(ThrowableCollector.java:73)&#13;
	at org.junit.platform.engine.support.hierarchical.NodeTestTask.executeRecursively(NodeTestTask.java:126)&#13;
	at org.junit.platform.engine.support.hierarchical.NodeTestTask.execute(NodeTestTask.java:84)&#13;
	at org.junit.platform.engine.support.hierarchical.SameThreadHierarchicalTestExecutorService.submit(SameThreadHierarchicalTestExecutorService.java:32)&#13;
	at org.junit.platform.engine.support.hierarchical.HierarchicalTestExecutor.execute(HierarchicalTestExecutor.java:57)&#13;
	at org.junit.platform.engine.support.hierarchical.HierarchicalTestEngine.execute(HierarchicalTestEngine.java:51)&#13;
	at org.junit.platform.launcher.core.EngineExecutionOrchestrator.execute(EngineExecutionOrchestrator.java:108)&#13;
	at org.junit.platform.launcher.core.EngineExecutionOrchestrator.execute(EngineExecutionOrchestrator.java:88)&#13;
	at org.junit.platform.launcher.core.EngineExecutionOrchestrator.lambda$execute$0(EngineExecutionOrchestrator.java:54)&#13;
	at org.junit.platform.launcher.core.EngineExecutionOrchestrator.withInterceptedStreams(EngineExecutionOrchestrator.java:67)&#13;
	at org.junit.platform.launcher.core.EngineExecutionOrchestrator.execute(EngineExecutionOrchestrator.java:52)&#13;
	at org.junit.platform.launcher.core.DefaultLauncher.execute(DefaultLauncher.java:96)&#13;
	at org.junit.platform.launcher.core.DefaultLauncher.execute(DefaultLauncher.java:84)&#13;
	at org.eclipse.jdt.internal.junit5.runner.JUnit5TestReference.run(JUnit5TestReference.java:98)&#13;
	at org.eclipse.jdt.internal.junit.runner.TestExecution.run(TestExecution.java:40)&#13;
	at org.eclipse.jdt.internal.junit.runner.RemoteTestRunner.runTests(RemoteTestRunner.java:529)&#13;
	at org.eclipse.jdt.internal.junit.runner.RemoteTestRunner.runTests(RemoteTestRunner.java:756)&#13;
	at org.eclipse.jdt.internal.junit.runner.RemoteTestRunner.run(RemoteTestRunner.java:452)&#13;
	at org.eclipse.jdt.internal.junit.runner.RemoteTestRunner.main(RemoteTestRunner.java:210)&#13;
&#13;
</failure>
    </testcase>
    <testcase name="onVictory" classname="tests.Index" incomplete="true" displayname="onVictory()" uniqueid="[engine:junit-jupiter]/[class:tests.Index]/[method:onVictory()]"/>
  </testsuite>
  <testsuite name="tests.Testing_FrogDies" incomplete="true" displayname="Testing_FrogDies" uniqueid="[engine:junit-jupiter]/[class:tests.Testing_FrogDies]">
    <testsuite name="LevelChanges(tests.Testing_FrogDies)" incomplete="true" displayname="LevelChanges(int, int)" parameters="int,int" uniqueid="[engine:junit-jupiter]/[class:tests.Testing_FrogDies]/[test-template:LevelChanges(int, int)]"/>
  </testsuite>
  <testsuite name="tests.Testing_LevelChanges" incomplete="true" displayname="Testing_LevelChanges" uniqueid="[engine:junit-jupiter]/[class:tests.Testing_LevelChanges]">
    <testsuite name="LevelChanges(tests.Testing_LevelChanges)" incomplete="true" displayname="LevelChanges(int, int)" parameters="int,int" uniqueid="[engine:junit-jupiter]/[class:tests.Testing_LevelChanges]/[test-template:LevelChanges(int, int)]"/>
  </testsuite>
  <testsuite name="tests.Testing_Game_LabelChange" incomplete="true" displayname="Testing_Game_LabelChange" uniqueid="[engine:junit-jupiter]/[class:tests.Testing_Game_LabelChange]">
    <testsuite name="LevelChanges(tests.Testing_Game_LabelChange)" incomplete="true" displayname="LevelChanges(int, JLabel)" parameters="int,javax.swing.JLabel" uniqueid="[engine:junit-jupiter]/[class:tests.Testing_Game_LabelChange]/[test-template:LevelChanges(int, javax.swing.JLabel)]"/>
  </testsuite>
  <testsuite name="tests.Testing_LivesChange" incomplete="true" displayname="Testing_LivesChange" uniqueid="[engine:junit-jupiter]/[class:tests.Testing_LivesChange]">
    <testsuite name="LevelChanges(tests.Testing_LivesChange)" incomplete="true" displayname="LevelChanges(int, int)" parameters="int,int" uniqueid="[engine:junit-jupiter]/[class:tests.Testing_LivesChange]/[test-template:LevelChanges(int, int)]"/>
  </testsuite>
  <testsuite name="tests.Testing_ScoreChange" incomplete="true" displayname="Testing_ScoreChange" uniqueid="[engine:junit-jupiter]/[class:tests.Testing_ScoreChange]">
    <testsuite name="LevelChanges(tests.Testing_ScoreChange)" incomplete="true" displayname="LevelChanges(int, int)" parameters="int,int" uniqueid="[engine:junit-jupiter]/[class:tests.Testing_ScoreChange]/[test-template:LevelChanges(int, int)]"/>
  </testsuite>
  <testsuite name="tests.Testing_FrogMovement" incomplete="true" displayname="Testing_FrogMovement" uniqueid="[engine:junit-vintage]/[runner:tests.Testing_FrogMovement]">
    <testcase name="Frog_MoveDown" classname="tests.Testing_FrogMovement" incomplete="true" displayname="Frog_MoveDown" uniqueid="[engine:junit-vintage]/[runner:tests.Testing_FrogMovement]/[test:Frog_MoveDown(tests.Testing_FrogMovement)]"/>
    <testcase name="Frog_MoveLeft" classname="tests.Testing_FrogMovement" incomplete="true" displayname="Frog_MoveLeft" uniqueid="[engine:junit-vintage]/[runner:tests.Testing_FrogMovement]/[test:Frog_MoveLeft(tests.Testing_FrogMovement)]"/>
    <testcase name="Frog_MoveRight" classname="tests.Testing_FrogMovement" incomplete="true" displayname="Frog_MoveRight" uniqueid="[engine:junit-vintage]/[runner:tests.Testing_FrogMovement]/[test:Frog_MoveRight(tests.Testing_FrogMovement)]"/>
    <testcase name="Frog_MoveUp" classname="tests.Testing_FrogMovement" incomplete="true" displayname="Frog_MoveUp" uniqueid="[engine:junit-vintage]/[runner:tests.Testing_FrogMovement]/[test:Frog_MoveUp(tests.Testing_FrogMovement)]"/>
  </testsuite>
  <testsuite name="tests.FrogTest" incomplete="true" displayname="FrogTest" uniqueid="[engine:junit-vintage]/[runner:tests.FrogTest]">
    <testcase name="testMove" classname="tests.FrogTest" incomplete="true" displayname="testMove" uniqueid="[engine:junit-vintage]/[runner:tests.FrogTest]/[test:testMove(tests.FrogTest)]"/>
    <testcase name="testMoveTo" classname="tests.FrogTest" incomplete="true" displayname="testMoveTo" uniqueid="[engine:junit-vintage]/[runner:tests.FrogTest]/[test:testMoveTo(tests.FrogTest)]"/>
  </testsuite>
</testrun>
